[04-May-2022 02:17:33 UTC] PHP Parse error:  syntax error, unexpected '}' in /Users/kennethholston/code/localSites/fictional-university/app/public/wp-content/themes/fictional-university-theme/functions.php on line 5
[04-May-2022 02:49:36 UTC] PHP Fatal error:  Uncaught Error: Call to undefined function get_theme_folder_uri() in /Users/kennethholston/code/localSites/fictional-university/app/public/wp-content/themes/fictional-university-theme/index.php:76
Stack trace:
#0 /Users/kennethholston/code/localSites/fictional-university/app/public/wp-includes/template-loader.php(106): include()
#1 /Users/kennethholston/code/localSites/fictional-university/app/public/wp-blog-header.php(19): require_once('/Users/kennethh...')
#2 /Users/kennethholston/code/localSites/fictional-university/app/public/index.php(17): require('/Users/kennethh...')
#3 {main}
  thrown in /Users/kennethholston/code/localSites/fictional-university/app/public/wp-content/themes/fictional-university-theme/index.php on line 76
[04-May-2022 02:50:13 UTC] PHP Warning:  Use of undefined constant images - assumed 'images' (this will throw an Error in a future version of PHP) in /Users/kennethholston/code/localSites/fictional-university/app/public/wp-content/themes/fictional-university-theme/index.php on line 76
[04-May-2022 02:50:13 UTC] PHP Stack trace:
[04-May-2022 02:50:13 UTC] PHP   1. {main}() /Users/kennethholston/code/localSites/fictional-university/app/public/index.php:0
[04-May-2022 02:50:13 UTC] PHP   2. require() /Users/kennethholston/code/localSites/fictional-university/app/public/index.php:17
[04-May-2022 02:50:13 UTC] PHP   3. require_once() /Users/kennethholston/code/localSites/fictional-university/app/public/wp-blog-header.php:19
[04-May-2022 02:50:13 UTC] PHP   4. include() /Users/kennethholston/code/localSites/fictional-university/app/public/wp-includes/template-loader.php:106
[04-May-2022 02:50:13 UTC] PHP Warning:  Use of undefined constant bus - assumed 'bus' (this will throw an Error in a future version of PHP) in /Users/kennethholston/code/localSites/fictional-university/app/public/wp-content/themes/fictional-university-theme/index.php on line 76
[04-May-2022 02:50:13 UTC] PHP Stack trace:
[04-May-2022 02:50:13 UTC] PHP   1. {main}() /Users/kennethholston/code/localSites/fictional-university/app/public/index.php:0
[04-May-2022 02:50:13 UTC] PHP   2. require() /Users/kennethholston/code/localSites/fictional-university/app/public/index.php:17
[04-May-2022 02:50:13 UTC] PHP   3. require_once() /Users/kennethholston/code/localSites/fictional-university/app/public/wp-blog-header.php:19
[04-May-2022 02:50:13 UTC] PHP   4. include() /Users/kennethholston/code/localSites/fictional-university/app/public/wp-includes/template-loader.php:106
[04-May-2022 02:50:13 UTC] PHP Warning:  A non-numeric value encountered in /Users/kennethholston/code/localSites/fictional-university/app/public/wp-content/themes/fictional-university-theme/index.php on line 76
[04-May-2022 02:50:13 UTC] PHP Stack trace:
[04-May-2022 02:50:13 UTC] PHP   1. {main}() /Users/kennethholston/code/localSites/fictional-university/app/public/index.php:0
[04-May-2022 02:50:13 UTC] PHP   2. require() /Users/kennethholston/code/localSites/fictional-university/app/public/index.php:17
[04-May-2022 02:50:13 UTC] PHP   3. require_once() /Users/kennethholston/code/localSites/fictional-university/app/public/wp-blog-header.php:19
[04-May-2022 02:50:13 UTC] PHP   4. include() /Users/kennethholston/code/localSites/fictional-university/app/public/wp-includes/template-loader.php:106
[04-May-2022 02:50:13 UTC] PHP Warning:  A non-numeric value encountered in /Users/kennethholston/code/localSites/fictional-university/app/public/wp-content/themes/fictional-university-theme/index.php on line 76
[04-May-2022 02:50:13 UTC] PHP Stack trace:
[04-May-2022 02:50:13 UTC] PHP   1. {main}() /Users/kennethholston/code/localSites/fictional-university/app/public/index.php:0
[04-May-2022 02:50:13 UTC] PHP   2. require() /Users/kennethholston/code/localSites/fictional-university/app/public/index.php:17
[04-May-2022 02:50:13 UTC] PHP   3. require_once() /Users/kennethholston/code/localSites/fictional-university/app/public/wp-blog-header.php:19
[04-May-2022 02:50:13 UTC] PHP   4. include() /Users/kennethholston/code/localSites/fictional-university/app/public/wp-includes/template-loader.php:106
[04-May-2022 02:50:13 UTC] PHP Warning:  Division by zero in /Users/kennethholston/code/localSites/fictional-university/app/public/wp-content/themes/fictional-university-theme/index.php on line 76
[04-May-2022 02:50:13 UTC] PHP Stack trace:
[04-May-2022 02:50:13 UTC] PHP   1. {main}() /Users/kennethholston/code/localSites/fictional-university/app/public/index.php:0
[04-May-2022 02:50:13 UTC] PHP   2. require() /Users/kennethholston/code/localSites/fictional-university/app/public/index.php:17
[04-May-2022 02:50:13 UTC] PHP   3. require_once() /Users/kennethholston/code/localSites/fictional-university/app/public/wp-blog-header.php:19
[04-May-2022 02:50:13 UTC] PHP   4. include() /Users/kennethholston/code/localSites/fictional-university/app/public/wp-includes/template-loader.php:106
[04-May-2022 02:50:13 UTC] PHP Warning:  Use of undefined constant jpg - assumed 'jpg' (this will throw an Error in a future version of PHP) in /Users/kennethholston/code/localSites/fictional-university/app/public/wp-content/themes/fictional-university-theme/index.php on line 76
[04-May-2022 02:50:13 UTC] PHP Stack trace:
[04-May-2022 02:50:13 UTC] PHP   1. {main}() /Users/kennethholston/code/localSites/fictional-university/app/public/index.php:0
[04-May-2022 02:50:13 UTC] PHP   2. require() /Users/kennethholston/code/localSites/fictional-university/app/public/index.php:17
[04-May-2022 02:50:13 UTC] PHP   3. require_once() /Users/kennethholston/code/localSites/fictional-university/app/public/wp-blog-header.php:19
[04-May-2022 02:50:13 UTC] PHP   4. include() /Users/kennethholston/code/localSites/fictional-university/app/public/wp-includes/template-loader.php:106
